<?xml version='1.0' encoding='UTF-8'?>
<testsuite hostname="BigBoy." name="ton.sdk.client.modules.ClientSpec" tests="4" errors="0" failures="0" skipped="0" time="0.654" timestamp="2020-11-01T16:44:21">
                     <properties>
[...]
</properties>
                     <testcase classname="ton.sdk.client.modules.ClientSpec" name="Utils should get expected version" time="0.424">
                                                 
                                               </testcase><testcase classname="ton.sdk.client.modules.ClientSpec" name="Utils should get response of type BuildInfo" time="0.005">
                                                 
                                               </testcase><testcase classname="ton.sdk.client.modules.ClientSpec" name="Utils should get expected version from the api description" time="0.053">
                                                 
                                               </testcase><testcase classname="ton.sdk.client.modules.ClientSpec" name="Utils should be able to do stuff in parallel in single context and in multiple contexts" time="0.172">
                                                 
                                               </testcase>
                     <system-out><![CDATA[]]></system-out>
                     <system-err><![CDATA[]]></system-err>
                   </testsuite>