<?xml version='1.0' encoding='UTF-8'?>
<testsuite hostname="BigBoy." name="ton.sdk.client.modules.CryptoSpec" tests="59" errors="0" failures="0" skipped="0" time="3.839" timestamp="2020-11-05T18:10:40">
                     <properties>
[...]
</properties>
                     <testcase classname="ton.sdk.client.modules.CryptoSpec" name="Crypto should convert_public_key_to_ton_safe_format" time="0.75">
                                                 
                                               </testcase><testcase classname="ton.sdk.client.modules.CryptoSpec" name="Crypto should not convert_public_key_to_ton_safe_format" time="0.005">
                                                 
                                               </testcase><testcase classname="ton.sdk.client.modules.CryptoSpec" name="Crypto should factorize" time="0.096">
                                                 
                                               </testcase><testcase classname="ton.sdk.client.modules.CryptoSpec" name="Crypto should not factorize" time="0.002">
                                                 
                                               </testcase><testcase classname="ton.sdk.client.modules.CryptoSpec" name="Crypto should generate_random_bytes" time="0.004">
                                                 
                                               </testcase><testcase classname="ton.sdk.client.modules.CryptoSpec" name="Crypto should not generate_random_bytes" time="0.001">
                                                 
                                               </testcase><testcase classname="ton.sdk.client.modules.CryptoSpec" name="Crypto should generate_random_sign_keys" time="0.002">
                                                 
                                               </testcase><testcase classname="ton.sdk.client.modules.CryptoSpec" name="Crypto should hdkey_derive_from_xprv" time="0.005">
                                                 
                                               </testcase><testcase classname="ton.sdk.client.modules.CryptoSpec" name="Crypto should not hdkey_derive_from_xprv" time="0.001">
                                                 
                                               </testcase><testcase classname="ton.sdk.client.modules.CryptoSpec" name="Crypto should hdkey_derive_from_xprv_path" time="0.005">
                                                 
                                               </testcase><testcase classname="ton.sdk.client.modules.CryptoSpec" name="Crypto should not hdkey_derive_from_xprv_path" time="0.002">
                                                 
                                               </testcase><testcase classname="ton.sdk.client.modules.CryptoSpec" name="Crypto should hdkey_xprv_from_mnemonic" time="0.007">
                                                 
                                               </testcase><testcase classname="ton.sdk.client.modules.CryptoSpec" name="Crypto should not hdkey_xprv_from_mnemonic" time="0.002">
                                                 
                                               </testcase><testcase classname="ton.sdk.client.modules.CryptoSpec" name="Crypto should hdkey_secret_from_xprv" time="0.003">
                                                 
                                               </testcase><testcase classname="ton.sdk.client.modules.CryptoSpec" name="Crypto should not hdkey_secret_from_xprv" time="0.002">
                                                 
                                               </testcase><testcase classname="ton.sdk.client.modules.CryptoSpec" name="Crypto should hdkey_public_from_xprv" time="0.003">
                                                 
                                               </testcase><testcase classname="ton.sdk.client.modules.CryptoSpec" name="Crypto should not hdkey_public_from_xprv" time="0.002">
                                                 
                                               </testcase><testcase classname="ton.sdk.client.modules.CryptoSpec" name="Crypto should mnemonic_words" time="0.005">
                                                 
                                               </testcase><testcase classname="ton.sdk.client.modules.CryptoSpec" name="Crypto should not mnemonic_words" time="0.002">
                                                 
                                               </testcase><testcase classname="ton.sdk.client.modules.CryptoSpec" name="Crypto should mnemonic_from_random" time="0.009">
                                                 
                                               </testcase><testcase classname="ton.sdk.client.modules.CryptoSpec" name="Crypto should not mnemonic_from_random" time="2.496">
                                                 
                                               </testcase><testcase classname="ton.sdk.client.modules.CryptoSpec" name="Crypto should not mnemonic_from_random either" time="0.002">
                                                 
                                               </testcase><testcase classname="ton.sdk.client.modules.CryptoSpec" name="Crypto should mnemonic_from_entropy" time="0.003">
                                                 
                                               </testcase><testcase classname="ton.sdk.client.modules.CryptoSpec" name="Crypto should not mnemonic_from_entropy" time="0.001">
                                                 
                                               </testcase><testcase classname="ton.sdk.client.modules.CryptoSpec" name="Crypto should mnemonic_verify" time="0.008">
                                                 
                                               </testcase><testcase classname="ton.sdk.client.modules.CryptoSpec" name="Crypto should not mnemonic_verify" time="0.003">
                                                 
                                               </testcase><testcase classname="ton.sdk.client.modules.CryptoSpec" name="Crypto should mnemonic_derive_sign_keys 1" time="0.13">
                                                 
                                               </testcase><testcase classname="ton.sdk.client.modules.CryptoSpec" name="Crypto should mnemonic_derive_sign_keys 2" time="0.127">
                                                 
                                               </testcase><testcase classname="ton.sdk.client.modules.CryptoSpec" name="Crypto should mnemonic_derive_sign_keys 3" time="0.005">
                                                 
                                               </testcase><testcase classname="ton.sdk.client.modules.CryptoSpec" name="Crypto should mnemonic_derive_sign_keys 4" time="0.006">
                                                 
                                               </testcase><testcase classname="ton.sdk.client.modules.CryptoSpec" name="Crypto should modular_power" time="0.003">
                                                 
                                               </testcase><testcase classname="ton.sdk.client.modules.CryptoSpec" name="Crypto should not modular_power" time="0.002">
                                                 
                                               </testcase><testcase classname="ton.sdk.client.modules.CryptoSpec" name="Crypto should nacl_box_keypair" time="0.004">
                                                 
                                               </testcase><testcase classname="ton.sdk.client.modules.CryptoSpec" name="Crypto should nacl_box_keypair_from_secret_key" time="0.005">
                                                 
                                               </testcase><testcase classname="ton.sdk.client.modules.CryptoSpec" name="Crypto should not nacl_box_keypair_from_secret_key" time="0.002">
                                                 
                                               </testcase><testcase classname="ton.sdk.client.modules.CryptoSpec" name="Crypto should not nacl_box" time="0.002">
                                                 
                                               </testcase><testcase classname="ton.sdk.client.modules.CryptoSpec" name="Crypto should nacl_box and nacl_box_open and not nacl_box_open" time="0.008">
                                                 
                                               </testcase><testcase classname="ton.sdk.client.modules.CryptoSpec" name="Crypto should nacl_secret_box and nacl_secret_box_open" time="0.005">
                                                 
                                               </testcase><testcase classname="ton.sdk.client.modules.CryptoSpec" name="Crypto should not nacl_secret_box" time="0.001">
                                                 
                                               </testcase><testcase classname="ton.sdk.client.modules.CryptoSpec" name="Crypto should not nacl_secret_box_open" time="0.002">
                                                 
                                               </testcase><testcase classname="ton.sdk.client.modules.CryptoSpec" name="Crypto should nacl_sign" time="0.006">
                                                 
                                               </testcase><testcase classname="ton.sdk.client.modules.CryptoSpec" name="Crypto should not nacl_sign" time="0.002">
                                                 
                                               </testcase><testcase classname="ton.sdk.client.modules.CryptoSpec" name="Crypto should nacl_sign_open" time="0.007">
                                                 
                                               </testcase><testcase classname="ton.sdk.client.modules.CryptoSpec" name="Crypto should not nacl_sign_open" time="0.002">
                                                 
                                               </testcase><testcase classname="ton.sdk.client.modules.CryptoSpec" name="Crypto should nacl_sign_detached" time="0.006">
                                                 
                                               </testcase><testcase classname="ton.sdk.client.modules.CryptoSpec" name="Crypto should not nacl_sign_detached" time="0.002">
                                                 
                                               </testcase><testcase classname="ton.sdk.client.modules.CryptoSpec" name="Crypto should nacl_sign_keypair_from_secret_key" time="0.005">
                                                 
                                               </testcase><testcase classname="ton.sdk.client.modules.CryptoSpec" name="Crypto should not nacl_sign_keypair_from_secret_key" time="0.002">
                                                 
                                               </testcase><testcase classname="ton.sdk.client.modules.CryptoSpec" name="Crypto should crypt" time="0.052">
                                                 
                                               </testcase><testcase classname="ton.sdk.client.modules.CryptoSpec" name="Crypto should not crypt" time="0.002">
                                                 
                                               </testcase><testcase classname="ton.sdk.client.modules.CryptoSpec" name="Crypto should sha256" time="0.003">
                                                 
                                               </testcase><testcase classname="ton.sdk.client.modules.CryptoSpec" name="Crypto should not sha256" time="0.001">
                                                 
                                               </testcase><testcase classname="ton.sdk.client.modules.CryptoSpec" name="Crypto should sha512" time="0.003">
                                                 
                                               </testcase><testcase classname="ton.sdk.client.modules.CryptoSpec" name="Crypto should not sha512" time="0.002">
                                                 
                                               </testcase><testcase classname="ton.sdk.client.modules.CryptoSpec" name="Crypto should ton_crc16" time="0.003">
                                                 
                                               </testcase><testcase classname="ton.sdk.client.modules.CryptoSpec" name="Crypto should not ton_crc16" time="0.001">
                                                 
                                               </testcase><testcase classname="ton.sdk.client.modules.CryptoSpec" name="Crypto should sign and verify_signature in different contexts" time="0.014">
                                                 
                                               </testcase><testcase classname="ton.sdk.client.modules.CryptoSpec" name="Crypto should not sign" time="0.001">
                                                 
                                               </testcase><testcase classname="ton.sdk.client.modules.CryptoSpec" name="Crypto should not verify_signature" time="0.002">
                                                 
                                               </testcase>
                     <system-out><![CDATA[]]></system-out>
                     <system-err><![CDATA[]]></system-err>
                   </testsuite>